
> elegant-home-decor-server@1.0.0 start
> node server.js

API running on port 5000
MongoDB connected: ac-u043q3e-shard-00-00.fiiudza.mongodb.net
[0mGET /api/festive/active [32m200[0m 40.550 ms - 4[0m
[0mGET /api/festive/active?_=1782816640647 [32m200[0m 32.284 ms - 4[0m
[0mGET /api/festive/active [32m200[0m 40.489 ms - 4[0m
[0mGET /api/festive/active?_=1782816644645 [32m200[0m 32.113 ms - 4[0m
[0mGET /api/categories [36m304[0m 43.028 ms - -[0m
[0mGET /api/admin/users [36m304[0m 107.161 ms - -[0m
[0mGET /api/auth/admin/verify [32m200[0m 104.720 ms - 14[0m
[0mGET /api/admin/orders [36m304[0m 173.966 ms - -[0m
[0mGET /api/festive/active?_=1782816662881 [32m200[0m 43.311 ms - 4[0m
[0mGET /api/admin/products [36m304[0m 179.942 ms - -[0m
[0mGET /api/festive/active?_=1782816662886 [32m200[0m 43.198 ms - 4[0m
[0mGET /api/categories [36m304[0m 39.653 ms - -[0m
[0mGET /api/auth/admin/verify [36m304[0m 34.103 ms - -[0m
[0mGET /api/admin/users [36m304[0m 75.186 ms - -[0m
[0mGET /api/admin/stats [36m304[0m 294.273 ms - -[0m
[0mGET /api/admin/orders [36m304[0m 114.694 ms - -[0m
[0mGET /api/admin/products [36m304[0m 112.365 ms - -[0m
[0mGET /api/admin/festive/all [36m304[0m 449.115 ms - -[0m
[0mGET /api/admin/festive/all [36m304[0m 145.994 ms - -[0m
[0mGET /api/admin/stats [36m304[0m 370.962 ms - -[0m
[0mGET /api/festive/active?_=1782816674643 [32m200[0m 46.973 ms - 4[0m
[0mGET /api/festive/active?_=1782816692902 [32m200[0m 46.179 ms - 4[0m
[0mGET /api/festive/active?_=1782816698646 [32m200[0m 48.999 ms - 4[0m
[0mGET /api/festive/active?_=1782816704646 [32m200[0m 48.689 ms - 4[0m
[0mGET /api/festive/active?_=1782816722891 [32m200[0m 44.727 ms - 4[0m
[0mGET /api/festive/active?_=1782816734646 [32m200[0m 52.846 ms - 4[0m
[0mPOST /api/admin/festive/add [32m201[0m 5038.456 ms - 671[0m
[0mGET /api/categories [36m304[0m 41.391 ms - -[0m
[0mGET /api/admin/users [36m304[0m 62.959 ms - -[0m
[0mGET /api/festive/active?_=1782816736983 [32m200[0m 41.087 ms - 671[0m
[0mGET /api/admin/products [36m304[0m 109.216 ms - -[0m
[0mGET /api/admin/festive/all [32m200[0m 110.140 ms - 673[0m
[0mGET /api/admin/orders [36m304[0m 124.660 ms - -[0m
[0mGET /api/admin/stats [36m304[0m 350.579 ms - -[0m
[0mGET /api/festive/active?_=1782816744002 [32m200[0m 33.593 ms - 671[0m
[0mGET /api/categories [36m304[0m 40.477 ms - -[0m
[0mGET /api/festive/active?_=1782816744004 [32m200[0m 42.018 ms - 671[0m
[0mGET /api/categories [36m304[0m 37.559 ms - -[0m
[0mGET /api/products?limit=8 [36m304[0m 151.840 ms - -[0m
[0mGET /api/products?limit=8 [36m304[0m 170.189 ms - -[0m
[0mGET /api/festive/active?_=1782816753647 [32m200[0m 46.685 ms - 671[0m
[0mGET /api/festive/active?_=1782816758654 [32m200[0m 46.258 ms - 671[0m
[0mGET /api/festive/active?_=1782816774644 [32m200[0m 47.843 ms - 671[0m
[0mGET /api/festive/active?_=1782816783645 [32m200[0m 52.657 ms - 671[0m
[0mGET /api/festive/active?_=1782816804653 [32m200[0m 47.011 ms - 671[0m
[0mGET /api/festive/active?_=1782816813646 [32m200[0m 45.182 ms - 671[0m
[0mGET /api/festive/active?_=1782816818645 [32m200[0m 48.017 ms - 671[0m
[0mGET /api/festive/active?_=1782816834414 [32m200[0m 57.743 ms - 671[0m
[0mGET /api/festive/active?_=1782816843647 [32m200[0m 47.054 ms - 671[0m
[0mGET /api/festive/active?_=1782816864006 [32m200[0m 45.867 ms - 671[0m
[0mGET /api/festive/active?_=1782816876342 [32m200[0m 62.523 ms - 671[0m
[0mGET /api/festive/active?_=1782816878646 [32m200[0m 50.222 ms - 671[0m
[0mGET /api/festive/active?_=1782816894644 [32m200[0m 51.736 ms - 671[0m
[0mGET /api/festive/active?_=1782816903647 [32m200[0m 46.423 ms - 671[0m
[0mGET /api/festive/active?_=1782816924650 [32m200[0m 45.390 ms - 671[0m
[0mGET /api/festive/active?_=1782816933645 [32m200[0m 45.828 ms - 671[0m
[0mGET /api/festive/active?_=1782816938645 [32m200[0m 49.180 ms - 671[0m
[0mGET /api/festive/active?_=1782816954006 [32m200[0m 49.819 ms - 671[0m
[0mGET /api/festive/active?_=1782816984641 [32m200[0m 47.168 ms - 671[0m
[0mGET /api/festive/active?_=1782816998651 [32m200[0m 38.427 ms - 671[0m
[0mGET /api/festive/active?_=1782816998651 [32m200[0m 48.459 ms - 671[0m
[0mGET /api/festive/active?_=1782817014647 [32m200[0m 46.778 ms - 671[0m
[0mGET /api/festive/active?_=1782817058648 [32m200[0m 35.171 ms - 671[0m
[0mGET /api/festive/active?_=1782817058647 [32m200[0m 38.646 ms - 671[0m
[0mGET /api/festive/active?_=1782817058649 [32m200[0m 54.356 ms - 671[0m
[0mGET /api/festive/active?_=1782817074008 [32m200[0m 44.111 ms - 671[0m
[0mGET /api/festive/active?_=1782817082887 [32m200[0m 45.807 ms - 671[0m
[0mPATCH /api/admin/festive/toggle/6a439fe0af2855f0fd5c9659 [32m200[0m 300.238 ms - 672[0m
[0mGET /api/categories [36m304[0m 32.504 ms - -[0m
[0mGET /api/admin/users [36m304[0m 89.746 ms - -[0m
[0mGET /api/admin/orders [36m304[0m 124.084 ms - -[0m
[0mGET /api/admin/festive/all [32m200[0m 123.269 ms - 674[0m
[0mGET /api/admin/products [36m304[0m 125.101 ms - -[0m
[0mGET /api/admin/stats [36m304[0m 135.064 ms - -[0m
[0mGET /api/festive/active?_=1782817104656 [32m200[0m 37.439 ms - 4[0m
[0mGET /api/festive/active?_=1782817104523 [32m200[0m 441.371 ms - 4[0m
[0mGET /api/festive/active?_=1782817111706 [32m200[0m 38.449 ms - 4[0m
[0mGET /api/festive/active?_=1782817111708 [32m200[0m 60.264 ms - 4[0m
[0mGET /api/categories [36m304[0m 79.693 ms - -[0m
[0mGET /api/categories [36m304[0m 59.728 ms - -[0m
[0mGET /api/products?limit=8 [36m304[0m 189.108 ms - -[0m
[0mGET /api/products?limit=8 [36m304[0m 126.340 ms - -[0m
[0mGET /api/festive/active?_=1782817113646 [32m200[0m 43.327 ms - 4[0m
[0mGET /api/festive/active?_=1782817118653 [32m200[0m 33.884 ms - 4[0m
[0mGET /api/festive/active?_=1782817142651 [32m200[0m 28.702 ms - 4[0m
[0mGET /api/festive/active?_=1782817143647 [32m200[0m 30.947 ms - 4[0m
[0mPATCH /api/admin/festive/toggle/6a439fe0af2855f0fd5c9659 [32m200[0m 146.282 ms - 671[0m
[0mGET /api/categories [36m304[0m 30.216 ms - -[0m
[0mGET /api/festive/active?_=1782817168038 [32m200[0m 44.821 ms - 671[0m
[0mGET /api/admin/users [36m304[0m 83.015 ms - -[0m
[0mGET /api/admin/stats [36m304[0m 110.981 ms - -[0m
[0mGET /api/admin/products [36m304[0m 109.992 ms - -[0m
[0mGET /api/admin/festive/all [32m200[0m 107.845 ms - 673[0m
[0mGET /api/admin/orders [36m304[0m 148.902 ms - -[0m
[0mGET /api/festive/active?_=1782817171717 [32m200[0m 51.108 ms - 671[0m
[0mGET /api/categories [36m304[0m 56.012 ms - -[0m
[0mGET /api/festive/active?_=1782817172563 [32m200[0m 40.989 ms - 671[0m
[0mGET /api/festive/active?_=1782817172564 [32m200[0m 42.825 ms - 671[0m
[0mGET /api/categories [36m304[0m 64.391 ms - -[0m
[0mGET /api/products?limit=8 [36m304[0m 121.403 ms - -[0m
[0mGET /api/products?limit=8 [36m304[0m 126.380 ms - -[0m
[0mGET /api/festive/active?_=1782817173650 [32m200[0m 30.641 ms - 671[0m
[0mGET /api/festive/active?_=1782817178646 [32m200[0m 31.761 ms - 671[0m
[0mGET /api/festive/active?_=1782817202645 [32m200[0m 28.286 ms - 671[0m
[0mGET /api/festive/active?_=1782817203645 [32m200[0m 33.637 ms - 671[0m
[0mGET /api/festive/active?_=1782817232645 [32m200[0m 37.037 ms - 671[0m
[0mGET /api/festive/active?_=1782817232888 [32m200[0m 33.820 ms - 671[0m
[0mGET /api/festive/active?_=1782817238647 [32m200[0m 28.281 ms - 671[0m
[0mGET /api/festive/active?_=1782817262645 [32m200[0m 29.401 ms - 671[0m
[0mGET /api/festive/active?_=1782817263645 [32m200[0m 31.191 ms - 671[0m
[0mGET /api/festive/active?_=1782817292645 [32m200[0m 37.642 ms - 671[0m
[0mGET /api/festive/active?_=1782817293647 [32m200[0m 35.865 ms - 671[0m
[0mGET /api/festive/active?_=1782817298646 [32m200[0m 52.398 ms - 671[0m
[0mGET /api/festive/active?_=1782817322646 [32m200[0m 29.222 ms - 671[0m
[0mGET /api/festive/active?_=1782817352642 [32m200[0m 29.390 ms - 671[0m
[0mGET /api/festive/active?_=1782817357690 [32m200[0m 45.663 ms - 671[0m
[0mGET /api/festive/active?_=1782817358654 [32m200[0m 30.843 ms - 671[0m
[0mGET /api/festive/active?_=1782817359721 [32m200[0m 38.212 ms - 671[0m
[0mGET /api/categories [36m304[0m 66.892 ms - -[0m
[0mGET /api/festive/active?_=1782817368789 [32m200[0m 42.046 ms - 671[0m
[0mGET /api/festive/active?_=1782817368790 [32m200[0m 48.499 ms - 671[0m
[0mGET /api/categories [36m304[0m 36.408 ms - -[0m
[0mGET /api/products?limit=8 [36m304[0m 180.270 ms - -[0m
[0mGET /api/products?limit=8 [36m304[0m 127.885 ms - -[0m
[0mGET /api/festive/active?_=1782817390645 [32m200[0m 30.528 ms - 671[0m
[0mGET /api/festive/active?_=1782817392260 [32m200[0m 46.891 ms - 671[0m
[0mGET /api/festive/active?_=1782817399646 [32m200[0m 31.375 ms - 671[0m
[0mGET /api/festive/active?_=1782817413647 [32m200[0m 30.338 ms - 671[0m
[0mGET /api/festive/active?_=1782817420646 [32m200[0m 28.677 ms - 671[0m
[0mGET /api/festive/active?_=1782817429654 [32m200[0m 29.390 ms - 671[0m
[0mGET /api/festive/active?_=1782817443653 [32m200[0m 31.155 ms - 671[0m
[0mGET /api/festive/active?_=1782817459651 [32m200[0m 29.332 ms - 671[0m
[0mGET /api/festive/active?_=1782817478648 [32m200[0m 31.015 ms - 671[0m
[0mGET /api/festive/active?_=1782817478650 [32m200[0m 32.404 ms - 671[0m
[0mGET /api/festive/active?_=1782817489653 [32m200[0m 31.028 ms - 671[0m
[0mGET /api/festive/active?_=1782817519645 [32m200[0m 30.679 ms - 671[0m
[0mGET /api/festive/active?_=1782817538646 [32m200[0m 30.586 ms - 671[0m
[0mGET /api/festive/active?_=1782817538648 [32m200[0m 36.837 ms - 671[0m
[0mGET /api/festive/active?_=1782817549645 [32m200[0m 30.654 ms - 671[0m
[0mGET /api/festive/active?_=1782817562900 [32m200[0m 29.554 ms - 671[0m
[0mGET /api/festive/active?_=1782817570644 [32m200[0m 30.602 ms - 671[0m
[0mGET /api/festive/active?_=1782817592888 [32m200[0m 29.230 ms - 671[0m
[0mGET /api/festive/active?_=1782817598645 [32m200[0m 29.822 ms - 671[0m
[0mGET /api/festive/active?_=1782817600654 [32m200[0m 30.987 ms - 671[0m
[0mGET /api/festive/active?_=1782817622887 [32m200[0m 30.884 ms - 671[0m
[0mPOST /api/admin/festive/add [32m201[0m 8660.110 ms - 547[0m
[0mGET /api/festive/active?_=1782817638894 [32m200[0m 77.549 ms - 547[0m
[0mGET /api/admin/users [36m304[0m 119.441 ms - -[0m
[0mGET /api/admin/orders [36m304[0m 133.861 ms - -[0m
[0mGET /api/categories [36m304[0m 46.137 ms - -[0m
[0mGET /api/admin/products [36m304[0m 141.642 ms - -[0m
[0mGET /api/admin/festive/all [32m200[0m 156.007 ms - 1221[0m
[0mGET /api/admin/stats [36m304[0m 166.460 ms - -[0m
[0mPATCH /api/admin/festive/toggle/6a43a366af2855f0fd5c9782 [32m200[0m 199.282 ms - 548[0m
[0mGET /api/categories [36m304[0m 30.727 ms - -[0m
[0mGET /api/admin/users [36m304[0m 62.825 ms - -[0m
[0mGET /api/festive/active?_=1782817642521 [32m200[0m 35.471 ms - 671[0m
[0mGET /api/admin/products [36m304[0m 100.321 ms - -[0m
[0mGET /api/admin/orders [36m304[0m 102.769 ms - -[0m
[0mGET /api/admin/festive/all [32m200[0m 132.512 ms - 1222[0m
[0mGET /api/admin/stats [36m304[0m 145.233 ms - -[0m
[0mPATCH /api/admin/festive/toggle/6a43a366af2855f0fd5c9782 [32m200[0m 192.657 ms - 547[0m
[0mGET /api/categories [36m304[0m 58.846 ms - -[0m
[0mGET /api/admin/users [36m304[0m 79.868 ms - -[0m
[0mGET /api/admin/products [36m304[0m 126.375 ms - -[0m
[0mGET /api/festive/active?_=1782817646891 [32m200[0m 66.358 ms - 547[0m
[0mGET /api/admin/stats [36m304[0m 139.275 ms - -[0m
[0mGET /api/admin/festive/all [32m200[0m 162.698 ms - 1221[0m
[0mGET /api/admin/orders [36m304[0m 171.724 ms - -[0m
[0mPATCH /api/admin/festive/toggle/6a439fe0af2855f0fd5c9659 [32m200[0m 181.464 ms - 672[0m
[0mGET /api/categories [36m304[0m 31.100 ms - -[0m
[0mGET /api/admin/users [36m304[0m 64.866 ms - -[0m
[0mGET /api/festive/active?_=1782817648819 [32m200[0m 34.291 ms - 547[0m
[0mGET /api/admin/orders [36m304[0m 115.179 ms - -[0m
[0mGET /api/admin/stats [36m304[0m 121.170 ms - -[0m
[0mGET /api/admin/festive/all [32m200[0m 154.820 ms - 1222[0m
[0mGET /api/admin/products [36m304[0m 157.657 ms - -[0m
[0mGET /api/festive/active?_=1782817651530 [32m200[0m 58.084 ms - 547[0m
[0mGET /api/festive/active?_=1782817653646 [32m200[0m 43.839 ms - 547[0m
[0mGET /api/festive/active?_=1782817658650 [32m200[0m 46.986 ms - 547[0m
[0mGET /api/festive/active?_=1782817668791 [32m200[0m 55.810 ms - 547[0m
[0mGET /api/festive/active?_=1782817683651 [32m200[0m 114.646 ms - 547[0m
[0mPATCH /api/admin/festive/toggle/6a43a366af2855f0fd5c9782 [32m200[0m 459.766 ms - 548[0m
[0mGET /api/categories [36m304[0m 82.928 ms - -[0m
[0mGET /api/festive/active?_=1782817687874 [32m200[0m 82.600 ms - 4[0m
[0mGET /api/admin/users [36m304[0m 205.995 ms - -[0m
[0mGET /api/admin/stats [36m304[0m 256.369 ms - -[0m
[0mGET /api/admin/products [36m304[0m 251.770 ms - -[0m
[0mGET /api/admin/orders [36m304[0m 269.280 ms - -[0m
[0mGET /api/admin/festive/all [32m200[0m 190.573 ms - 1223[0m
[0mPATCH /api/admin/festive/toggle/6a439fe0af2855f0fd5c9659 [32m200[0m 175.877 ms - 671[0m
[0mGET /api/categories [36m304[0m 45.294 ms - -[0m
[0mGET /api/admin/users [36m304[0m 90.185 ms - -[0m
[0mGET /api/festive/active?_=1782817689321 [32m200[0m 49.156 ms - 671[0m
[0mGET /api/admin/festive/all [32m200[0m 102.760 ms - 1222[0m
[0mGET /api/admin/products [36m304[0m 114.549 ms - -[0m
[0mGET /api/admin/stats [36m304[0m 142.609 ms - -[0m
[0mGET /api/admin/orders [36m304[0m 147.360 ms - -[0m
[0mGET /api/festive/active?_=1782817694923 [32m200[0m 183.351 ms - 671[0m
[0mGET /api/festive/active?_=1782817694919 [32m200[0m 205.484 ms - 671[0m
[0mGET /api/categories [36m304[0m 210.828 ms - -[0m
[0mGET /api/categories [36m304[0m 96.546 ms - -[0m
[0mGET /api/products?limit=8 [36m304[0m 403.410 ms - -[0m
[0mGET /api/products?limit=8 [36m304[0m 205.008 ms - -[0m
[0mGET /api/festive/active?_=1782817712890 [32m200[0m 156.593 ms - 671[0m
[0mGET /api/festive/active?_=1782817718655 [32m200[0m 34.932 ms - 671[0m
[0mPUT /api/admin/festive/edit/6a439fe0af2855f0fd5c9659 [32m200[0m 4604.128 ms - 671[0m
[0mGET /api/categories [36m304[0m 56.152 ms - -[0m
[0mGET /api/admin/users [36m304[0m 119.585 ms - -[0m
[0mGET /api/festive/active?_=1782817725159 [32m200[0m 59.712 ms - 671[0m
[0mGET /api/admin/stats [36m304[0m 140.288 ms - -[0m
[0mGET /api/admin/products [36m304[0m 138.134 ms - -[0m
[0mGET /api/admin/festive/all [32m200[0m 142.661 ms - 1222[0m
[0mGET /api/admin/orders [36m304[0m 176.384 ms - -[0m
[0mGET /api/festive/active?_=1782817725641 [32m200[0m 45.822 ms - 671[0m
[0mGET /api/festive/active?_=1782817730698 [32m200[0m 37.732 ms - 671[0m
[0mGET /api/festive/active?_=1782817730699 [32m200[0m 38.635 ms - 671[0m
[0mGET /api/categories [36m304[0m 53.682 ms - -[0m
[0mGET /api/categories [36m304[0m 48.426 ms - -[0m
[0mGET /api/products?limit=8 [36m304[0m 139.576 ms - -[0m
[0mGET /api/products?limit=8 [36m304[0m 160.157 ms - -[0m
[0mPATCH /api/admin/festive/toggle/6a43a366af2855f0fd5c9782 [32m200[0m 500.264 ms - 547[0m
[0mGET /api/categories [36m304[0m 47.109 ms - -[0m
[0mGET /api/festive/active?_=1782817742453 [32m200[0m 51.851 ms - 547[0m
[0mGET /api/admin/users [36m304[0m 82.927 ms - -[0m
[0mGET /api/admin/stats [36m304[0m 115.371 ms - -[0m
[0mGET /api/admin/products [36m304[0m 120.400 ms - -[0m
[0mGET /api/admin/orders [36m304[0m 179.216 ms - -[0m
[0mGET /api/admin/festive/all [32m200[0m 166.832 ms - 1221[0m
[0mGET /api/festive/active?_=1782817742888 [32m200[0m 169.907 ms - 547[0m
[0mGET /api/festive/active?_=1782817747490 [32m200[0m 160.009 ms - 547[0m
[0mGET /api/festive/active?_=1782817747489 [32m200[0m 170.861 ms - 547[0m
[0mGET /api/categories [36m304[0m 193.076 ms - -[0m
[0mGET /api/categories [36m304[0m 90.995 ms - -[0m
[0mGET /api/products?limit=8 [36m304[0m 328.938 ms - -[0m
[0mGET /api/products?limit=8 [36m304[0m 371.441 ms - -[0m
[0mPATCH /api/admin/festive/toggle/6a439fe0af2855f0fd5c9659 [32m200[0m 452.535 ms - 672[0m
[0mGET /api/categories [36m304[0m 90.298 ms - -[0m
[0mGET /api/admin/users [36m304[0m 121.719 ms - -[0m
[0mGET /api/festive/active?_=1782817753817 [32m200[0m 47.166 ms - 547[0m
[0mGET /api/admin/festive/all [32m200[0m 153.899 ms - 1222[0m
[0mGET /api/admin/products [36m304[0m 161.417 ms - -[0m
[0mGET /api/admin/stats [36m304[0m 198.771 ms - -[0m
[0mGET /api/admin/orders [36m304[0m 205.275 ms - -[0m
[0mGET /api/festive/active?_=1782817773651 [32m200[0m 121.913 ms - 547[0m
[0mGET /api/festive/active?_=1782817777655 [32m200[0m 112.551 ms - 547[0m
[0mGET /api/festive/active?_=1782817778645 [32m200[0m 75.386 ms - 547[0m
[0mGET /api/festive/active?_=1782817803643 [32m200[0m 76.490 ms - 547[0m
[0mGET /api/festive/active?_=1782817807652 [32m200[0m 118.353 ms - 547[0m
[0mGET /api/festive/active?_=1782817833642 [32m200[0m 48.395 ms - 547[0m
[0mGET /api/festive/active?_=1782817837646 [32m200[0m 48.174 ms - 547[0m
[0mGET /api/festive/active?_=1782817838643 [32m200[0m 92.665 ms - 547[0m
[0mGET /api/festive/active?_=1782817867654 [32m200[0m 124.518 ms - 547[0m
[0mGET /api/festive/active?_=1782817897647 [32m200[0m 73.230 ms - 547[0m
[0mGET /api/festive/active?_=1782817898648 [32m200[0m 89.361 ms - 547[0m
[0mGET /api/festive/active?_=1782817898645 [32m200[0m 98.254 ms - 547[0m
[0mGET /api/festive/active?_=1782817927649 [32m200[0m 73.784 ms - 547[0m
[0mGET /api/categories [36m304[0m 50.372 ms - -[0m
[0mGET /api/admin/users [36m304[0m 67.892 ms - -[0m
[0mGET /api/admin/products [36m304[0m 104.753 ms - -[0m
[0mGET /api/admin/stats [36m304[0m 156.549 ms - -[0m
[0mGET /api/admin/festive/all [36m304[0m 127.301 ms - -[0m
[0mGET /api/admin/orders [36m304[0m 149.170 ms - -[0m
[0mGET /api/festive/active?_=1782817958646 [32m200[0m 83.813 ms - 547[0m
[0mGET /api/festive/active?_=1782817958646 [32m200[0m 92.053 ms - 547[0m
[0mGET /api/festive/active?_=1782817958646 [32m200[0m 101.389 ms - 547[0m
[0mGET /api/festive/active?_=1782818007815 [32m200[0m 168.575 ms - 547[0m
[0mGET /api/festive/active?_=1782818015849 [32m200[0m 45.392 ms - 547[0m
[0mGET /api/festive/active?_=1782818018650 [32m200[0m 46.237 ms - 547[0m
[0mGET /api/festive/active?_=1782818020645 [32m200[0m 47.392 ms - 547[0m
[0mGET /api/festive/active?_=1782818043645 [32m200[0m 48.508 ms - 547[0m
[0mGET /api/categories [36m304[0m 47.292 ms - -[0m
[0mGET /api/admin/users [36m304[0m 91.938 ms - -[0m
[0mGET /api/admin/orders [36m304[0m 112.028 ms - -[0m
[0mGET /api/admin/products [36m304[0m 111.869 ms - -[0m
[0mGET /api/admin/festive/all [36m304[0m 113.389 ms - -[0m
[0mGET /api/admin/stats [36m304[0m 167.292 ms - -[0m
[0mGET /api/festive/active?_=1782818050648 [32m200[0m 61.345 ms - 547[0m
[0mGET /api/categories [36m304[0m 47.176 ms - -[0m
[0mGET /api/admin/users [36m304[0m 72.106 ms - -[0m
[0mGET /api/admin/orders [36m304[0m 107.469 ms - -[0m
[0mGET /api/festive/active?_=1782818073663 [32m200[0m 46.484 ms - 547[0m
[0mGET /api/admin/products [36m304[0m 117.660 ms - -[0m
[0mGET /api/admin/festive/all [36m304[0m 126.860 ms - -[0m
[0mGET /api/admin/stats [36m304[0m 152.225 ms - -[0m
[0mGET /api/festive/active?_=1782818078641 [32m200[0m 47.727 ms - 547[0m
[0mGET /api/festive/active?_=1782818138645 [32m200[0m 77.250 ms - 547[0m
[0mGET /api/festive/active?_=1782818138643 [32m200[0m 82.164 ms - 547[0m
[0mGET /api/festive/active?_=1782818138643 [32m200[0m 86.874 ms - 547[0m
[0mGET /api/festive/active?_=1782818198647 [32m200[0m 87.304 ms - 547[0m
[0mGET /api/festive/active?_=1782818198652 [32m200[0m 94.505 ms - 547[0m
[0mGET /api/festive/active?_=1782818198648 [32m200[0m 103.989 ms - 547[0m
[0mGET /api/festive/active?_=1782818258660 [32m200[0m 187.585 ms - 547[0m
[0mGET /api/festive/active?_=1782818258652 [32m200[0m 203.887 ms - 547[0m
[0mGET /api/festive/active?_=1782818258652 [32m200[0m 208.407 ms - 547[0m
[0mGET /api/festive/active?_=1782818318652 [32m200[0m 33.598 ms - 547[0m
[0mGET /api/festive/active?_=1782818318652 [32m200[0m 40.400 ms - 547[0m
[0mGET /api/festive/active?_=1782818318650 [32m200[0m 45.374 ms - 547[0m
[0mGET /api/festive/active?_=1782818344510 [32m200[0m 113.544 ms - 547[0m
[0mGET /api/festive/active?_=1782818347497 [32m200[0m 50.061 ms - 547[0m
[0mPATCH /api/admin/festive/toggle/6a43a366af2855f0fd5c9782 [32m200[0m 667.938 ms - 548[0m
[0mGET /api/categories [36m304[0m 85.464 ms - -[0m
[0mGET /api/festive/active?_=1782818355125 [32m200[0m 35.949 ms - 4[0m
[0mGET /api/admin/users [36m304[0m 147.399 ms - -[0m
[0mGET /api/admin/orders [36m304[0m 159.027 ms - -[0m
[0mGET /api/admin/stats [36m304[0m 167.861 ms - -[0m
[0mGET /api/admin/products [36m304[0m 185.998 ms - -[0m
[0mGET /api/admin/festive/all [32m200[0m 188.896 ms - 1223[0m
[0mPATCH /api/admin/festive/toggle/6a439fe0af2855f0fd5c9659 [32m200[0m 202.184 ms - 671[0m
[0mGET /api/categories [36m304[0m 49.891 ms - -[0m
[0mGET /api/admin/users [36m304[0m 66.437 ms - -[0m
[0mGET /api/admin/products [36m304[0m 109.899 ms - -[0m
[0mGET /api/festive/active?_=1782818357009 [32m200[0m 52.495 ms - 671[0m
[0mGET /api/admin/stats [36m304[0m 125.604 ms - -[0m
[0mGET /api/admin/festive/all [32m200[0m 116.581 ms - 1222[0m
[0mGET /api/admin/orders [36m304[0m 146.855 ms - -[0m
[0mGET /api/products?limit=8 [0m-[0m - ms - -[0m
[0mGET /api/festive/active?_=1782818361799 [0m-[0m - ms - -[0m
[0mGET /api/products?limit=8 [0m-[0m - ms - -[0m
[0mGET /api/categories [0m-[0m - ms - -[0m
[0mGET /api/festive/active?_=1782818366012 [32m200[0m 121.292 ms - 671[0m
[0mGET /api/festive/active?_=1782818366014 [32m200[0m 119.462 ms - 671[0m
[0mGET /api/categories [32m200[0m 152.885 ms - 1530[0m
[0mGET /api/categories [36m304[0m 85.378 ms - -[0m
[0mGET /api/products?limit=8 [32m200[0m 327.751 ms - 6147[0m
[0mGET /api/products?limit=8 [36m304[0m 305.910 ms - -[0m
[0mGET /api/festive/active?_=1782818373655 [32m200[0m 184.815 ms - 671[0m
[0mGET /api/festive/active?_=1782818378658 [32m200[0m 48.321 ms - 671[0m
[0mGET /api/festive/active?_=1782818396648 [32m200[0m 136.510 ms - 671[0m
[0mGET /api/festive/active?_=1782818403649 [32m200[0m 205.260 ms - 671[0m
[0mGET /api/festive/active?_=1782818426652 [32m200[0m 69.188 ms - 671[0m
[0mGET /api/festive/active?_=1782818433655 [32m200[0m 56.226 ms - 671[0m
[0mGET /api/festive/active?_=1782818438642 [32m200[0m 73.639 ms - 671[0m
[0mGET /api/festive/active?_=1782818456658 [32m200[0m 135.265 ms - 671[0m
[0mGET /api/festive/active?_=1782818486646 [32m200[0m 153.088 ms - 671[0m
[0mGET /api/festive/active?_=1782818498650 [32m200[0m 132.693 ms - 671[0m
[0mGET /api/festive/active?_=1782818498646 [32m200[0m 144.472 ms - 671[0m
[0mGET /api/festive/active?_=1782818516649 [32m200[0m 54.056 ms - 671[0m
[0mGET /api/festive/active?_=1782818546646 [32m200[0m 83.527 ms - 671[0m
[0mGET /api/festive/active?_=1782818558653 [32m200[0m 61.949 ms - 671[0m
[0mGET /api/festive/active?_=1782818558655 [32m200[0m 60.992 ms - 671[0m
[0mGET /api/festive/active?_=1782818602295 [32m200[0m 55.752 ms - 671[0m
[0mGET /api/festive/active?_=1782818612892 [32m200[0m 163.747 ms - 671[0m
[0mGET /api/festive/active?_=1782818618664 [32m200[0m 47.401 ms - 671[0m
[0mGET /api/festive/active?_=1782818618672 [32m200[0m 68.060 ms - 671[0m
[0mPUT /api/admin/festive/edit/6a439fe0af2855f0fd5c9659 [32m200[0m 2363.173 ms - 671[0m
[0mGET /api/categories [36m304[0m 61.209 ms - -[0m
[0mGET /api/admin/users [36m304[0m 123.631 ms - -[0m
[0mGET /api/admin/products [36m304[0m 126.826 ms - -[0m
[0mGET /api/festive/active?_=1782818625852 [32m200[0m 64.842 ms - 671[0m
[0mGET /api/admin/stats [36m304[0m 162.720 ms - -[0m
[0mGET /api/admin/festive/all [32m200[0m 145.183 ms - 1222[0m
[0mGET /api/admin/orders [36m304[0m 157.550 ms - -[0m
[0mGET /api/festive/active?_=1782818636025 [32m200[0m 105.291 ms - 671[0m
[0mGET /api/festive/active?_=1782818643641 [32m200[0m 134.242 ms - 671[0m
[0mGET /api/festive/active?_=1782818666646 [32m200[0m 169.482 ms - 671[0m
[0mGET /api/festive/active?_=1782818672887 [32m200[0m 38.388 ms - 671[0m
[0mGET /api/festive/active?_=1782818678648 [32m200[0m 34.801 ms - 671[0m
[0mPUT /api/admin/festive/edit/6a439fe0af2855f0fd5c9659 [32m200[0m 2567.008 ms - 671[0m
[0mGET /api/categories [36m304[0m 102.215 ms - -[0m
[0mGET /api/festive/active?_=1782818685160 [32m200[0m 122.325 ms - 671[0m
[0mGET /api/admin/users [36m304[0m 143.204 ms - -[0m
[0mGET /api/admin/stats [36m304[0m 198.918 ms - -[0m
[0mGET /api/admin/orders [36m304[0m 211.239 ms - -[0m
[0mGET /api/admin/products [36m304[0m 227.631 ms - -[0m
[0mGET /api/admin/festive/all [32m200[0m 116.182 ms - 1222[0m
[0mGET /api/festive/active?_=1782818696642 [32m200[0m 40.705 ms - 671[0m
[0mGET /api/festive/active?_=1782818703645 [32m200[0m 34.369 ms - 671[0m
[0mGET /api/festive/active?_=1782818733648 [32m200[0m 32.438 ms - 671[0m
[0mGET /api/festive/active?_=1782818738661 [32m200[0m 66.043 ms - 671[0m
[0mGET /api/festive/active?_=1782818738660 [32m200[0m 48.775 ms - 671[0m
[0mPUT /api/admin/festive/edit/6a439fe0af2855f0fd5c9659 [32m200[0m 2593.709 ms - 672[0m
[0mGET /api/categories [36m304[0m 47.084 ms - -[0m
[0mGET /api/admin/users [36m304[0m 73.865 ms - -[0m
[0mGET /api/admin/orders [36m304[0m 109.413 ms - -[0m
[0mGET /api/festive/active?_=1782818760730 [32m200[0m 47.559 ms - 672[0m
[0mGET /api/admin/products [36m304[0m 109.715 ms - -[0m
[0mGET /api/admin/stats [36m304[0m 147.205 ms - -[0m
[0mGET /api/admin/festive/all [32m200[0m 139.182 ms - 1223[0m
[0mGET /api/festive/active?_=1782818762888 [32m200[0m 56.917 ms - 672[0m
[0mGET /api/festive/active?_=1782818767339 [32m200[0m 135.073 ms - 672[0m
[0mGET /api/festive/active?_=1782818786649 [32m200[0m 183.629 ms - 672[0m
[0mGET /api/festive/active?_=1782818792888 [32m200[0m 189.912 ms - 672[0m
[0mGET /api/festive/active?_=1782818798657 [32m200[0m 119.131 ms - 672[0m
[0mPATCH /api/admin/festive/toggle/6a43a366af2855f0fd5c9782 [32m200[0m 430.083 ms - 547[0m
[0mGET /api/categories [36m304[0m 31.267 ms - -[0m
[0mGET /api/admin/users [36m304[0m 79.026 ms - -[0m
[0mGET /api/festive/active?_=1782818804776 [32m200[0m 43.215 ms - 547[0m
[0mGET /api/admin/stats [36m304[0m 162.886 ms - -[0m
[0mGET /api/admin/orders [36m304[0m 281.189 ms - -[0m
[0mGET /api/admin/products [36m304[0m 281.100 ms - -[0m
[0mGET /api/admin/festive/all [32m200[0m 280.567 ms - 1222[0m
[0mPATCH /api/admin/festive/toggle/6a439fe0af2855f0fd5c9659 [32m200[0m 242.959 ms - 673[0m
[0mGET /api/categories [36m304[0m 57.543 ms - -[0m
[0mGET /api/admin/products [36m304[0m 101.005 ms - -[0m
[0mGET /api/admin/festive/all [32m200[0m 98.657 ms - 1223[0m
[0mGET /api/admin/users [36m304[0m 124.640 ms - -[0m
[0mGET /api/admin/stats [36m304[0m 136.269 ms - -[0m
[0mGET /api/festive/active?_=1782818806539 [32m200[0m 63.830 ms - 547[0m
[0mGET /api/admin/orders [36m304[0m 185.326 ms - -[0m
[0mGET /api/festive/active?_=1782818823649 [32m200[0m 152.153 ms - 547[0m
[0mGET /api/festive/active?_=1782818853647 [32m200[0m 122.498 ms - 547[0m
[0mGET /api/festive/active?_=1782818858650 [32m200[0m 112.042 ms - 547[0m
[0mGET /api/festive/active?_=1782818883646 [32m200[0m 161.387 ms - 547[0m
[0mGET /api/festive/active?_=1782818913647 [32m200[0m 166.276 ms - 547[0m
[0mGET /api/festive/active?_=1782818918648 [32m200[0m 123.634 ms - 547[0m
[0mGET /api/categories [36m304[0m 174.452 ms - -[0m
[0mGET /api/categories [36m304[0m 61.531 ms - -[0m
[0mGET /api/products?limit=8 [36m304[0m 361.608 ms - -[0m
[0mGET /api/products?limit=8 [36m304[0m 403.876 ms - -[0m
[0mGET /api/festive/active?_=1782818943762 [32m200[0m 147.755 ms - 547[0m
[0mGET /api/festive/active?_=1782818950297 [32m200[0m 62.581 ms - 547[0m
[0mGET /api/festive/active?_=1782818973651 [32m200[0m 168.439 ms - 547[0m
[0mGET /api/festive/active?_=1782818979709 [32m200[0m 155.027 ms - 547[0m
[0mGET /api/festive/active?_=1782819003654 [32m200[0m 168.762 ms - 547[0m
[0mGET /api/festive/active?_=1782819009712 [32m200[0m 151.304 ms - 547[0m
[0mGET /api/festive/active?_=1782819032900 [32m200[0m 106.272 ms - 547[0m
[0mGET /api/festive/active?_=1782819040640 [32m200[0m 148.440 ms - 547[0m
[0mGET /api/festive/active?_=1782819062889 [32m200[0m 123.938 ms - 547[0m
[0mGET /api/festive/active?_=1782819069709 [32m200[0m 165.830 ms - 547[0m
[0mGET /api/festive/active?_=1782819092891 [32m200[0m 122.243 ms - 547[0m
[0mGET /api/festive/active?_=1782819100646 [32m200[0m 154.955 ms - 547[0m
[0mGET /api/festive/active?_=1782819122888 [32m200[0m 133.760 ms - 547[0m
[0mGET /api/festive/active?_=1782819130654 [32m200[0m 146.356 ms - 547[0m
[0mGET /api/festive/active?_=1782819152890 [32m200[0m 127.239 ms - 547[0m
[0mGET /api/festive/active?_=1782819182892 [32m200[0m 133.787 ms - 547[0m
[0mGET /api/festive/active?_=1782819212891 [32m200[0m 142.214 ms - 547[0m
[0mGET /api/festive/active?_=1782819218653 [32m200[0m 58.837 ms - 547[0m
[0mGET /api/festive/active?_=1782819242894 [32m200[0m 140.844 ms - 547[0m
[0mGET /api/festive/active?_=1782819250650 [32m200[0m 167.891 ms - 547[0m
[0mGET /api/festive/active?_=1782819273648 [32m200[0m 204.333 ms - 547[0m
[0mGET /api/festive/active?_=1782819280656 [32m200[0m 164.680 ms - 547[0m
[0mGET /api/festive/active?_=1782819303642 [32m200[0m 111.742 ms - 547[0m
[0mGET /api/festive/active?_=1782819338643 [32m200[0m 67.366 ms - 547[0m
[0mGET /api/festive/active?_=1782819338642 [32m200[0m 82.818 ms - 547[0m
[0mGET /api/festive/active?_=1782819362888 [32m200[0m 161.044 ms - 547[0m
[0mGET /api/festive/active?_=1782819370655 [32m200[0m 180.007 ms - 547[0m
[0mGET /api/festive/active?_=1782819392902 [32m200[0m 155.755 ms - 547[0m
[0mGET /api/festive/active?_=1782819400652 [32m200[0m 181.235 ms - 547[0m
[0mGET /api/festive/active?_=1782819422887 [32m200[0m 167.047 ms - 547[0m
[0mGET /api/festive/active?_=1782819453642 [32m200[0m 236.317 ms - 547[0m
[0mGET /api/festive/active?_=1782819458649 [32m200[0m 93.652 ms - 547[0m
[0mGET /api/festive/active?_=1782819482897 [32m200[0m 170.101 ms - 547[0m
[0mGET /api/festive/active?_=1782819512889 [32m200[0m 178.106 ms - 547[0m
[0mGET /api/festive/active?_=1782819518652 [32m200[0m 145.040 ms - 547[0m
[0mGET /api/festive/active?_=1782819543650 [32m200[0m 113.951 ms - 547[0m
[0mGET /api/festive/active?_=1782819573648 [32m200[0m 138.703 ms - 547[0m
[0mGET /api/festive/active?_=1782819578653 [32m200[0m 139.449 ms - 547[0m
[0mGET /api/festive/active?_=1782819638649 [32m200[0m 105.388 ms - 547[0m
[0mGET /api/festive/active?_=1782819638647 [32m200[0m 115.566 ms - 547[0m
[0mGET /api/festive/active?_=1782819698647 [32m200[0m 108.605 ms - 547[0m
[0mGET /api/festive/active?_=1782819698648 [32m200[0m 118.258 ms - 547[0m
[0mGET /api/festive/active?_=1782819758662 [32m200[0m 54.119 ms - 547[0m
[0mGET /api/festive/active?_=1782819758658 [32m200[0m 59.449 ms - 547[0m
[0mGET /api/festive/active?_=1782819818641 [32m200[0m 182.804 ms - 547[0m
[0mGET /api/festive/active?_=1782819818641 [32m200[0m 194.661 ms - 547[0m
[0mGET /api/festive/active?_=1782819861961 [32m200[0m 106.873 ms - 547[0m
[0mGET /api/festive/active?_=1782819872897 [32m200[0m 172.047 ms - 547[0m
[0mGET /api/festive/active?_=1782819879709 [32m200[0m 158.504 ms - 547[0m
Guest order confirmation email skipped because SMTP is not configured {
  to: 'tannu067btece22@igdtuw.ac.in',
  subject: 'Elegant Home Decor Order EHD-20260630-N6T8US',
  text: 'Thank You for Your Order.\n' +
    'Order ID: EHD-20260630-N6T8US\n' +
    'Order Status: Processing\n' +
    'Total: Rs. 5246.85\n' +
    'You Can Track This Guest Order With Your Order ID and Email Address.'
}
[0mPOST /api/orders/guest [32m201[0m 412.763 ms - 1231[0m
[0mGET /api/festive/active?_=1782819903646 [32m200[0m 184.144 ms - 547[0m
[0mGET /api/festive/active?_=1782819909720 [32m200[0m 73.719 ms - 547[0m
[0mGET /api/festive/active?_=1782819933642 [32m200[0m 198.898 ms - 547[0m
[0mGET /api/festive/active?_=1782819939722 [32m200[0m 156.909 ms - 547[0m
[0mGET /api/festive/active?_=1782819969715 [32m200[0m 168.276 ms - 547[0m
[0mPOST /api/orders/guest/track [32m200[0m 193.786 ms - 1231[0m
[0mPOST /api/orders/guest/track [32m200[0m 143.203 ms - 1231[0m
[0mGET /api/festive/active?_=1782819998648 [32m200[0m 59.150 ms - 547[0m
[0mGET /api/festive/active?_=1782819999722 [32m200[0m 159.025 ms - 547[0m
[0mGET /api/festive/active?_=1782820023646 [32m200[0m 94.911 ms - 547[0m
[0mGET /api/festive/active?_=1782820030653 [32m200[0m 153.456 ms - 547[0m
[0mGET /api/festive/active?_=1782820053653 [32m200[0m 92.645 ms - 547[0m
[0mGET /api/festive/active?_=1782820060646 [32m200[0m 59.725 ms - 547[0m
[0mGET /api/festive/active?_=1782820118654 [32m200[0m 62.809 ms - 547[0m
[0mGET /api/festive/active?_=1782820118654 [32m200[0m 69.661 ms - 547[0m
[0mGET /api/festive/active?_=1782820178654 [32m200[0m 60.830 ms - 547[0m
[0mGET /api/festive/active?_=1782820178652 [32m200[0m 80.363 ms - 547[0m
[0mGET /api/festive/active?_=1782820214267 [32m200[0m 61.222 ms - 547[0m
[0mGET /api/festive/active?_=1782820238643 [32m200[0m 91.090 ms - 547[0m
[0mGET /api/festive/active?_=1782820239722 [32m200[0m 190.501 ms - 547[0m
[0mGET /api/festive/active?_=1782820269711 [32m200[0m 204.149 ms - 547[0m
[0mGET /api/festive/active?_=1782820298650 [32m200[0m 140.906 ms - 547[0m
[0mGET /api/festive/active?_=1782820300646 [32m200[0m 59.266 ms - 547[0m
[0mGET /api/festive/active?_=1782820330646 [32m200[0m 200.449 ms - 547[0m
[0mGET /api/festive/active?_=1782820358645 [32m200[0m 91.543 ms - 547[0m
[0mGET /api/festive/active?_=1782820418647 [32m200[0m 141.189 ms - 547[0m
[0mGET /api/festive/active?_=1782820418648 [32m200[0m 158.260 ms - 547[0m
[0mGET /api/festive/active?_=1782820478645 [32m200[0m 106.254 ms - 547[0m
[0mGET /api/festive/active?_=1782820478646 [32m200[0m 114.376 ms - 547[0m
[0mGET /api/festive/active?_=1782820538645 [32m200[0m 105.557 ms - 547[0m
[0mGET /api/festive/active?_=1782820538644 [32m200[0m 128.534 ms - 547[0m
[0mGET /api/festive/active?_=1782820598650 [32m200[0m 76.077 ms - 547[0m
[0mGET /api/festive/active?_=1782820598651 [32m200[0m 81.383 ms - 547[0m
[0mGET /api/festive/active?_=1782820658650 [32m200[0m 160.668 ms - 547[0m
[0mGET /api/festive/active?_=1782820658644 [32m200[0m 166.092 ms - 547[0m
[0mGET /api/festive/active?_=1782820689722 [32m200[0m 60.301 ms - 547[0m
[0mPOST /api/auth/login [32m200[0m 995.446 ms - 798[0m
[0mPOST /api/products/6a420ae3dba8aa50d77ebdf7/like [32m200[0m 344.438 ms - 30[0m
[0mGET /api/categories [36m304[0m 57.921 ms - -[0m
[0mGET /api/categories [36m304[0m 121.441 ms - -[0m
[0mGET /api/products? [32m200[0m 280.212 ms - 6121[0m
[0mGET /api/products? [36m304[0m 317.386 ms - -[0m
[0mGET /api/festive/active?_=1782820718651 [32m200[0m 139.672 ms - 547[0m
[0mGET /api/festive/active?_=1782820768009 [32m200[0m 89.905 ms - 547[0m
[0mGET /api/festive/active?_=1782820772908 [32m200[0m 58.899 ms - 547[0m
[0mGET /api/categories [36m304[0m 60.752 ms - -[0m
[0mGET /api/categories [36m304[0m 61.309 ms - -[0m
[0mGET /api/products?limit=8 [32m200[0m 162.036 ms - 6121[0m
[0mGET /api/products?limit=8 [36m304[0m 162.526 ms - -[0m
[0mGET /api/festive/active?_=1782820802896 [32m200[0m 122.576 ms - 547[0m
[0mGET /api/festive/active?_=1782820833647 [32m200[0m 192.136 ms - 547[0m
[0mGET /api/festive/active?_=1782820863655 [32m200[0m 186.079 ms - 547[0m
[0mGET /api/festive/active?_=1782820898654 [32m200[0m 106.055 ms - 547[0m
[0mGET /api/festive/active?_=1782820958648 [32m200[0m 167.291 ms - 547[0m
[0mGET /api/festive/active?_=1782821018648 [32m200[0m 68.207 ms - 547[0m
[0mGET /api/categories [36m304[0m 93.359 ms - -[0m
[0mGET /api/festive/active?_=1782821066802 [32m200[0m 101.883 ms - 547[0m
[0mGET /api/festive/active?_=1782821066806 [32m200[0m 89.070 ms - 547[0m
[0mGET /api/categories [36m304[0m 39.163 ms - -[0m
[0mGET /api/products?limit=8 [32m200[0m 281.599 ms - 6121[0m
[0mGET /api/products?limit=8 [36m304[0m 190.387 ms - -[0m
[0mGET /api/orders/my [36m304[0m 292.880 ms - -[0m
[0mGET /api/users/addresses [32m200[0m 338.463 ms - 388[0m
[0mGET /api/users/addresses [36m304[0m 281.178 ms - -[0m
[0mGET /api/orders/my [36m304[0m 295.845 ms - -[0m
[0mGET /api/festive/active?_=1782821078692 [32m200[0m 112.982 ms - 547[0m
[0mPOST /api/orders [32m201[0m 350.065 ms - 870[0m
[0mPOST /api/payments/create-payment-intent [33m404[0m 6.677 ms - 1277[0m
[0mPOST /api/payments/create-payment-intent [33m404[0m 1.160 ms - 1277[0m
[0mGET /api/festive/active?_=1782821096806 [32m200[0m 106.055 ms - 547[0m
[0mGET /api/users/addresses [36m304[0m 169.358 ms - -[0m
[0mGET /api/orders/my [32m200[0m 257.126 ms - 9318[0m
[0mGET /api/users/addresses [36m304[0m 87.932 ms - -[0m
[0mGET /api/orders/my [36m304[0m 196.041 ms - -[0m
[0mPOST /api/orders [32m201[0m 322.673 ms - 874[0m
[0mPOST /api/payments/create-payment-intent [33m404[0m 0.766 ms - 1277[0m
[0mPOST /api/payments/create-payment-intent [33m404[0m 1.040 ms - 1277[0m
[0mGET /api/festive/active?_=1782821126811 [32m200[0m 105.919 ms - 547[0m
[0mGET /api/festive/active?_=1782821138648 [32m200[0m 142.201 ms - 547[0m
[0mGET /api/festive/active?_=1782821148056 [32m200[0m 35.728 ms - 547[0m
[0mGET /api/festive/active?_=1782821148054 [32m200[0m 68.724 ms - 547[0m
[0mGET /api/festive/active?_=1782821178651 [32m200[0m 179.347 ms - 547[0m
[0mGET /api/festive/active?_=1782821198647 [32m200[0m 57.919 ms - 547[0m
[0mGET /api/festive/active?_=1782821208650 [32m200[0m 61.956 ms - 547[0m
[0mGET /api/festive/active?_=1782821238646 [32m200[0m 192.960 ms - 547[0m
[0mGET /api/festive/active?_=1782821258657 [32m200[0m 135.142 ms - 547[0m
[0mGET /api/festive/active?_=1782821268647 [32m200[0m 92.316 ms - 547[0m
[0mGET /api/users/addresses [36m304[0m 146.962 ms - -[0m
[0mGET /api/orders/my [32m200[0m 234.429 ms - 10193[0m
[0mGET /api/users/addresses [36m304[0m 195.494 ms - -[0m
[0mGET /api/orders/my [36m304[0m 303.270 ms - -[0m
[0mPOST /api/orders [32m201[0m 349.605 ms - 780[0m
[0mGET /api/categories [36m304[0m 47.203 ms - -[0m
[0mGET /api/categories [36m304[0m 80.188 ms - -[0m
[0mGET /api/products? [36m304[0m 336.875 ms - -[0m
[0mGET /api/products? [36m304[0m 304.719 ms - -[0m
[0mPOST /api/orders [32m201[0m 388.963 ms - 782[0m
[0mGET /api/festive/active?_=1782821298062 [32m200[0m 169.347 ms - 547[0m
[0mGET /api/categories [36m304[0m 36.920 ms - -[0m
[0mGET /api/categories [36m304[0m 41.114 ms - -[0m
[0mGET /api/products? [36m304[0m 266.113 ms - -[0m
[0mGET /api/products? [36m304[0m 298.313 ms - -[0m
[0mPOST /api/orders [32m201[0m 187.653 ms - 765[0m
[0mPOST /api/payments/create-payment-intent [33m404[0m 3.440 ms - 1277[0m
[0mPOST /api/payments/create-payment-intent [33m404[0m 0.515 ms - 1277[0m
[0mGET /api/festive/active?_=1782821318662 [32m200[0m 57.632 ms - 547[0m
[0mGET /api/festive/active?_=1782821328647 [32m200[0m 59.742 ms - 547[0m
[0mGET /api/festive/active?_=1782821358653 [32m200[0m 193.586 ms - 547[0m
[0mGET /api/festive/active?_=1782821378646 [32m200[0m 58.668 ms - 547[0m
[0mGET /api/festive/active?_=1782821412500 [32m200[0m 33.930 ms - 547[0m
[0mGET /api/festive/active?_=1782821412497 [32m200[0m 60.259 ms - 547[0m
[0mGET /api/users/addresses [36m304[0m 95.675 ms - -[0m
[0mGET /api/orders/my [32m200[0m 146.746 ms - 12523[0m
[0mGET /api/users/addresses [36m304[0m 98.736 ms - -[0m
[0mGET /api/orders/my [36m304[0m 141.443 ms - -[0m
[0mGET /api/users/addresses [36m304[0m 174.067 ms - -[0m
[0mGET /api/orders/my [36m304[0m 288.800 ms - -[0m
[0mGET /api/users/addresses [36m304[0m 185.227 ms - -[0m
[0mGET /api/orders/my [36m304[0m 327.209 ms - -[0m
[0mGET /api/festive/active?_=1782821438648 [32m200[0m 128.362 ms - 547[0m
[0mGET /api/festive/active?_=1782821442501 [32m200[0m 121.223 ms - 547[0m
[0mPOST /api/orders [32m201[0m 310.149 ms - 783[0m
[0mGET /api/festive/active?_=1782821455880 [32m200[0m 62.400 ms - 547[0m
[0mGET /api/festive/active?_=1782821455879 [32m200[0m 145.418 ms - 547[0m
[0mGET /api/users/addresses [36m304[0m 212.733 ms - -[0m
[0mGET /api/orders/my [32m200[0m 228.573 ms - 13307[0m
[0mGET /api/orders/my [36m304[0m 315.930 ms - -[0m
[0mGET /api/users/addresses [36m304[0m 320.527 ms - -[0m
[0mPOST /api/orders [32m201[0m 367.402 ms - 780[0m
[0mGET /api/festive/active?_=1782821498642 [32m200[0m 58.532 ms - 547[0m
[0mGET /api/festive/active?_=1782821558651 [32m200[0m 58.896 ms - 547[0m
[0mGET /api/festive/active?_=1782821589459 [32m200[0m 96.408 ms - 547[0m
[0mGET /api/festive/active?_=1782821589457 [32m200[0m 100.871 ms - 547[0m
[0mGET /api/users/addresses [36m304[0m 67.908 ms - -[0m
[0mGET /api/orders/my [32m200[0m 143.730 ms - 14088[0m
[0mGET /api/users/addresses [36m304[0m 73.177 ms - -[0m
[0mGET /api/orders/my [36m304[0m 89.781 ms - -[0m
[0mPOST /api/orders [32m201[0m 358.590 ms - 870[0m
[0mGET /api/festive/active?_=1782821618646 [32m200[0m 120.236 ms - 547[0m
[0mGET /api/festive/active?_=1782821678655 [32m200[0m 31.204 ms - 547[0m
[0mGET /api/festive/active?_=1782821698681 [32m200[0m 64.449 ms - 547[0m
[0mGET /api/festive/active?_=1782821698683 [32m200[0m 135.652 ms - 547[0m
[0mGET /api/festive/active?_=1782821729646 [32m200[0m 60.308 ms - 547[0m
[0mGET /api/festive/active?_=1782821738648 [32m200[0m 61.355 ms - 547[0m
[0mGET /api/festive/active?_=1782821759643 [32m200[0m 111.603 ms - 547[0m
[0mGET /api/festive/active?_=1782821789653 [32m200[0m 104.686 ms - 547[0m
[0mGET /api/users/addresses [36m304[0m 113.269 ms - -[0m
[0mGET /api/orders/my [32m200[0m 322.416 ms - 14959[0m
[0mGET /api/users/addresses [36m304[0m 177.550 ms - -[0m
[0mGET /api/orders/my [36m304[0m 273.827 ms - -[0m
[0mGET /api/festive/active?_=1782821798646 [32m200[0m 123.055 ms - 547[0m
[0mPOST /api/orders [32m201[0m 502.430 ms - 780[0m
[0mPOST /api/payments/create-payment-intent [33m404[0m 8.617 ms - 1277[0m
[0mPOST /api/payments/create-payment-intent [33m404[0m 1.141 ms - 1277[0m
[0mGET /api/festive/active?_=1782821818687 [32m200[0m 151.517 ms - 547[0m
[0mGET /api/festive/active?_=1782821849654 [32m200[0m 113.351 ms - 547[0m
[0mGET /api/festive/active?_=1782821858649 [32m200[0m 80.045 ms - 547[0m
[0mGET /api/festive/active?_=1782821879647 [32m200[0m 120.187 ms - 547[0m
[0mGET /api/users/addresses [36m304[0m 119.502 ms - -[0m
[0mGET /api/orders/my [32m200[0m 158.704 ms - 15740[0m
[0mGET /api/users/addresses [36m304[0m 83.793 ms - -[0m
[0mGET /api/orders/my [36m304[0m 149.086 ms - -[0m
[0mGET /api/festive/active?_=1782821908687 [32m200[0m 162.707 ms - 547[0m
[0mGET /api/festive/active?_=1782821918653 [32m200[0m 69.261 ms - 547[0m
[0mGET /api/festive/active?_=1782821938685 [32m200[0m 95.126 ms - 547[0m
[0mPOST /api/orders [32m201[0m 435.167 ms - 870[0m
[0mPOST /api/payments/create-payment-intent [33m404[0m 3.193 ms - 1277[0m
[0mPOST /api/payments/create-payment-intent [33m404[0m 1.438 ms - 1277[0m
[0mGET /api/festive/active?_=1782821968688 [32m200[0m 177.189 ms - 547[0m
[0mGET /api/festive/active?_=1782821978644 [32m200[0m 101.425 ms - 547[0m
[0mGET /api/festive/active?_=1782821999647 [32m200[0m 139.851 ms - 547[0m
[0mGET /api/festive/active?_=1782822022920 [32m200[0m 33.233 ms - 547[0m
[0mGET /api/festive/active?_=1782822022915 [32m200[0m 58.057 ms - 547[0m
[0mGET /api/users/addresses [36m304[0m 95.987 ms - -[0m
[0mGET /api/users/addresses [36m304[0m 68.369 ms - -[0m
[0mGET /api/orders/my [32m200[0m 200.543 ms - 16611[0m
[0mGET /api/orders/my [36m304[0m 147.702 ms - -[0m
[0mGET /api/festive/active?_=1782822038650 [32m200[0m 89.539 ms - 547[0m
[0mPOST /api/orders [32m201[0m 337.949 ms - 873[0m
[0mPOST /api/payments/create-payment-intent [33m404[0m 0.646 ms - 1277[0m
[0mPOST /api/payments/create-payment-intent [33m404[0m 0.499 ms - 1277[0m
[0mGET /api/festive/active?_=1782822053654 [32m200[0m 201.766 ms - 547[0m
[0mGET /api/festive/active?_=1782822083648 [32m200[0m 116.515 ms - 547[0m
[0mGET /api/festive/active?_=1782822098657 [32m200[0m 140.365 ms - 547[0m
[0mGET /api/festive/active?_=1782822113649 [32m200[0m 102.332 ms - 547[0m
[0mGET /api/festive/active?_=1782822143644 [32m200[0m 119.867 ms - 547[0m
[0mGET /api/festive/active?_=1782822158644 [32m200[0m 126.190 ms - 547[0m
[0mGET /api/festive/active?_=1782822173655 [32m200[0m 57.879 ms - 547[0m
[0mGET /api/festive/active?_=1782822203646 [32m200[0m 127.078 ms - 547[0m
[0mGET /api/festive/active?_=1782822218652 [32m200[0m 165.063 ms - 547[0m
[0mGET /api/festive/active?_=1782822278646 [32m200[0m 94.553 ms - 547[0m
[0mGET /api/festive/active?_=1782822278647 [32m200[0m 127.988 ms - 547[0m
[0mGET /api/festive/active?_=1782822327881 [32m200[0m 59.848 ms - 547[0m
[0mGET /api/users/addresses [36m304[0m 324.707 ms - -[0m
[0mGET /api/users/addresses [36m304[0m 211.739 ms - -[0m
[0mGET /api/orders/my [32m200[0m 685.871 ms - 17485[0m
[0mGET /api/orders/my [36m304[0m 314.683 ms - -[0m
[0mGET /api/festive/active?_=1782822338642 [32m200[0m 138.777 ms - 547[0m
[0mGET /api/festive/active?_=1782822353646 [32m200[0m 144.085 ms - 547[0m
[0mGET /api/festive/active?_=1782822383654 [32m200[0m 137.111 ms - 547[0m
[0mGET /api/festive/active?_=1782822398647 [32m200[0m 142.695 ms - 547[0m
[0mGET /api/festive/active?_=1782822458642 [32m200[0m 127.497 ms - 547[0m
[0mGET /api/festive/active?_=1782822458641 [32m200[0m 156.490 ms - 547[0m
[0mGET /api/festive/active?_=1782880308132 [32m200[0m 5184.040 ms - 4[0m
[0mGET /api/festive/active?_=1782880308136 [32m200[0m 4822.188 ms - 4[0m
[0mGET /api/festive/active?_=1782880324895 [32m200[0m 41.289 ms - 4[0m
[0mPOST /api/orders [32m201[0m 332.724 ms - 873[0m
[0mPOST /api/payments/create-payment-intent [33m404[0m 3.802 ms - 1277[0m
[0mPOST /api/payments/create-payment-intent [33m404[0m 0.838 ms - 1277[0m
[0mGET /api/festive/active?_=1782880342913 [32m200[0m 61.765 ms - 4[0m
[0mGET /api/festive/active?_=1782880358639 [32m200[0m 53.796 ms - 4[0m
[0mGET /api/festive/active?_=1782880373633 [32m200[0m 132.523 ms - 4[0m
[0mGET /api/festive/active?_=1782880403635 [32m200[0m 137.943 ms - 4[0m
[0mGET /api/festive/active?_=1782880418644 [32m200[0m 93.438 ms - 4[0m
[0mGET /api/festive/active?_=1782880478645 [32m200[0m 54.458 ms - 4[0m
[0mGET /api/festive/active?_=1782880478654 [32m200[0m 39.481 ms - 4[0m
[0mGET /api/festive/active?_=1782880538630 [32m200[0m 39.831 ms - 4[0m
[0mGET /api/festive/active?_=1782880538631 [32m200[0m 37.453 ms - 4[0m
[0mGET /api/festive/active?_=1782880598634 [32m200[0m 127.734 ms - 4[0m
[0mGET /api/festive/active?_=1782880598634 [32m200[0m 122.829 ms - 4[0m
[0mGET /api/festive/active?_=1782880658638 [32m200[0m 110.456 ms - 4[0m
[0mGET /api/festive/active?_=1782880658638 [32m200[0m 130.941 ms - 4[0m
[0mGET /api/festive/active?_=1782880718636 [32m200[0m 39.012 ms - 4[0m
[0mGET /api/festive/active?_=1782880718636 [32m200[0m 47.159 ms - 4[0m
[0mGET /api/festive/active?_=1782880778633 [32m200[0m 40.353 ms - 4[0m
[0mGET /api/festive/active?_=1782880778631 [32m200[0m 47.132 ms - 4[0m
